<html>
<head>
<title>TestNG:  Test-Chrome</title>
<link href="../testng.css" rel="stylesheet" type="text/css" />
<link href="../my-testng.css" rel="stylesheet" type="text/css" />

<style type="text/css">
.log { display: none;} 
.stack-trace { display: none;} 
</style>
<script type="text/javascript">
<!--
function flip(e) {
  current = e.style.display;
  if (current == 'block') {
    e.style.display = 'none';
    return 0;
  }
  else {
    e.style.display = 'block';
    return 1;
  }
}

function toggleBox(szDivId, elem, msg1, msg2)
{
  var res = -1;  if (document.getElementById) {
    res = flip(document.getElementById(szDivId));
  }
  else if (document.all) {
    // this is the way old msie versions work
    res = flip(document.all[szDivId]);
  }
  if(elem) {
    if(res == 0) elem.innerHTML = msg1; else elem.innerHTML = msg2;
  }

}

function toggleAllBoxes() {
  if (document.getElementsByTagName) {
    d = document.getElementsByTagName('div');
    for (i = 0; i < d.length; i++) {
      if (d[i].className == 'log') {
        flip(d[i]);
      }
    }
  }
}

// -->
</script>

</head>
<body>
<h2 align='center'>Test-Chrome</h2><table border='1' align="center">
<tr>
<td>Tests passed/Failed/Skipped:</td><td>22/5/0</td>
</tr><tr>
<td>Started on:</td><td>Fri May 19 16:22:12 EDT 2023</td>
</tr>
<tr><td>Total time:</td><td>97 seconds (97973 ms)</td>
</tr><tr>
<td>Included groups:</td><td></td>
</tr><tr>
<td>Excluded groups:</td><td></td>
</tr>
</table><p/>
<small><i>(Hover the method name to see the test class name)</i></small><p/>
<table width='100%' border='1' class='invocation-failed'>
<tr><td colspan='4' align='center'><b>FAILED TESTS</b></td></tr>
<tr><td><b>Test method</b></td>
<td><b>Attribute(s)</b></td>
<td width="30%"><b>Exception</b></td>
<td width="10%"><b>Time (seconds)</b></td>
<td><b>Instance</b></td>
</tr>
<tr>
<td title='runner.TestRunner.runScenario()'><b>runScenario</b><br>Test class: runner.TestRunner<br>Test method: Runs Cucumber Scenarios<br>Parameters: "Creating new user account", "Register new Account"</td>
<td><div><pre>java.lang.AssertionError: expected [password_mismatch:The two password fields didn’t match.] but found [U are logged in]
	at Steps_DsAlgo.LoginSteps.user_prints_the_error_message(LoginSteps.java:55)
	at ✽.user prints the error message(file:///C:/Users/shaun/eclipse-workspace/Ds_AlgoProject3/src/test/resources/FeaturesDsAlgo/ALogin.feature:7)
... Removed 6 stack frames</pre></div><a href='#' onClick='toggleBox("stack-trace1505791217", this, "Click to show all stack frames", "Click to hide stack frames")'>Click to show all stack frames</a>
<div class='stack-trace' id='stack-trace1505791217'><pre>java.lang.AssertionError: expected [password_mismatch:The two password fields didn’t match.] but found [U are logged in]
	at org.testng.Assert.fail(Assert.java:110)
	at org.testng.Assert.failNotEquals(Assert.java:1577)
	at org.testng.Assert.assertEqualsImpl(Assert.java:149)
	at org.testng.Assert.assertEquals(Assert.java:131)
	at org.testng.Assert.assertEquals(Assert.java:655)
	at org.testng.Assert.assertEquals(Assert.java:665)
	at Steps_DsAlgo.LoginSteps.user_prints_the_error_message(LoginSteps.java:55)
	at ✽.user prints the error message(file:///C:/Users/shaun/eclipse-workspace/Ds_AlgoProject3/src/test/resources/FeaturesDsAlgo/ALogin.feature:7)
</pre></div></td>
<td>6</td>
<td>runner.TestRunner@32115b28</td></tr>
<tr>
<td title='runner.TestRunner.runScenario()'><b>runScenario</b><br>Test class: runner.TestRunner<br>Test method: Runs Cucumber Scenarios<br>Parameters: "Testing the tryEditor Box with invalid syntax in Overview of Trees Option", "Run the tryEditor in Overview of Trees Tree Module"</td>
<td><div><pre>java.lang.AssertionError: expected [] but found [Overview of Trees]
	at Steps_DsAlgo.TreeSteps.user_checks_for_the_error_message(TreeSteps.java:84)
	at ✽.user checks for the error message(file:///C:/Users/shaun/eclipse-workspace/Ds_AlgoProject3/src/test/resources/FeaturesDsAlgo/FTree.feature:13)
... Removed 6 stack frames</pre></div><a href='#' onClick='toggleBox("stack-trace1508661771", this, "Click to show all stack frames", "Click to hide stack frames")'>Click to show all stack frames</a>
<div class='stack-trace' id='stack-trace1508661771'><pre>java.lang.AssertionError: expected [] but found [Overview of Trees]
	at org.testng.Assert.fail(Assert.java:110)
	at org.testng.Assert.failNotEquals(Assert.java:1577)
	at org.testng.Assert.assertEqualsImpl(Assert.java:149)
	at org.testng.Assert.assertEquals(Assert.java:131)
	at org.testng.Assert.assertEquals(Assert.java:655)
	at org.testng.Assert.assertEquals(Assert.java:665)
	at Steps_DsAlgo.TreeSteps.user_checks_for_the_error_message(TreeSteps.java:84)
	at ✽.user checks for the error message(file:///C:/Users/shaun/eclipse-workspace/Ds_AlgoProject3/src/test/resources/FeaturesDsAlgo/FTree.feature:13)
</pre></div></td>
<td>4</td>
<td>runner.TestRunner@32115b28</td></tr>
<tr>
<td title='runner.TestRunner.runScenario()'><b>runScenario</b><br>Test class: runner.TestRunner<br>Test method: Runs Cucumber Scenarios<br>Parameters: "Validate the login page with invalid credentials", "Register new Account"</td>
<td><div><pre>java.lang.AssertionError: expected [U are logged in] but found [Invalid Username and Password]
	at Steps_DsAlgo.LoginSteps.user_stays_on_the_login_page(LoginSteps.java:182)
	at ✽.user stays on the login page(file:///C:/Users/shaun/eclipse-workspace/Ds_AlgoProject3/src/test/resources/FeaturesDsAlgo/ALogin.feature:47)
... Removed 6 stack frames</pre></div><a href='#' onClick='toggleBox("stack-trace823790002", this, "Click to show all stack frames", "Click to hide stack frames")'>Click to show all stack frames</a>
<div class='stack-trace' id='stack-trace823790002'><pre>java.lang.AssertionError: expected [U are logged in] but found [Invalid Username and Password]
	at org.testng.Assert.fail(Assert.java:110)
	at org.testng.Assert.failNotEquals(Assert.java:1577)
	at org.testng.Assert.assertEqualsImpl(Assert.java:149)
	at org.testng.Assert.assertEquals(Assert.java:131)
	at org.testng.Assert.assertEquals(Assert.java:655)
	at org.testng.Assert.assertEquals(Assert.java:665)
	at Steps_DsAlgo.LoginSteps.user_stays_on_the_login_page(LoginSteps.java:182)
	at ✽.user stays on the login page(file:///C:/Users/shaun/eclipse-workspace/Ds_AlgoProject3/src/test/resources/FeaturesDsAlgo/ALogin.feature:47)
</pre></div></td>
<td>1</td>
<td>runner.TestRunner@32115b28</td></tr>
<tr>
<td title='runner.TestRunner.runScenario()'><b>runScenario</b><br>Test class: runner.TestRunner<br>Test method: Runs Cucumber Scenarios<br>Parameters: "Test the Graph Module with invalid syntax in editor box", "User should be able to run Graph Module features"</td>
<td><div><pre>java.lang.AssertionError: expected [Welcome to Graph] but found []
	at Steps_DsAlgo.GraphSteps.user_should_have_error_message(GraphSteps.java:133)
	at ✽.user should have error message(file:///C:/Users/shaun/eclipse-workspace/Ds_AlgoProject3/src/test/resources/FeaturesDsAlgo/Graph.feature:25)
... Removed 6 stack frames</pre></div><a href='#' onClick='toggleBox("stack-trace1484744244", this, "Click to show all stack frames", "Click to hide stack frames")'>Click to show all stack frames</a>
<div class='stack-trace' id='stack-trace1484744244'><pre>java.lang.AssertionError: expected [Welcome to Graph] but found []
	at org.testng.Assert.fail(Assert.java:110)
	at org.testng.Assert.failNotEquals(Assert.java:1577)
	at org.testng.Assert.assertEqualsImpl(Assert.java:149)
	at org.testng.Assert.assertEquals(Assert.java:131)
	at org.testng.Assert.assertEquals(Assert.java:655)
	at org.testng.Assert.assertEquals(Assert.java:665)
	at Steps_DsAlgo.GraphSteps.user_should_have_error_message(GraphSteps.java:133)
	at ✽.user should have error message(file:///C:/Users/shaun/eclipse-workspace/Ds_AlgoProject3/src/test/resources/FeaturesDsAlgo/Graph.feature:25)
</pre></div></td>
<td>4</td>
<td>runner.TestRunner@32115b28</td></tr>
<tr>
<td title='runner.TestRunner.runScenario()'><b>runScenario</b><br>Test class: runner.TestRunner<br>Test method: Runs Cucumber Scenarios<br>Parameters: "Test the Queue Module with invalid syntax in editor box", "User should be able to run Queue Module features"</td>
<td><div><pre>java.lang.AssertionError: expected [Welcome to Queue] but found []
	at Steps_DsAlgo.QueueSteps.user_should_get_a_error_message(QueueSteps.java:135)
	at ✽.user should get a error message(file:///C:/Users/shaun/eclipse-workspace/Ds_AlgoProject3/src/test/resources/FeaturesDsAlgo/Queue.feature:19)
... Removed 6 stack frames</pre></div><a href='#' onClick='toggleBox("stack-trace2006419032", this, "Click to show all stack frames", "Click to hide stack frames")'>Click to show all stack frames</a>
<div class='stack-trace' id='stack-trace2006419032'><pre>java.lang.AssertionError: expected [Welcome to Queue] but found []
	at org.testng.Assert.fail(Assert.java:110)
	at org.testng.Assert.failNotEquals(Assert.java:1577)
	at org.testng.Assert.assertEqualsImpl(Assert.java:149)
	at org.testng.Assert.assertEquals(Assert.java:131)
	at org.testng.Assert.assertEquals(Assert.java:655)
	at org.testng.Assert.assertEquals(Assert.java:665)
	at Steps_DsAlgo.QueueSteps.user_should_get_a_error_message(QueueSteps.java:135)
	at ✽.user should get a error message(file:///C:/Users/shaun/eclipse-workspace/Ds_AlgoProject3/src/test/resources/FeaturesDsAlgo/Queue.feature:19)
</pre></div></td>
<td>6</td>
<td>runner.TestRunner@32115b28</td></tr>
</table><p>
<table width='100%' border='1' class='invocation-passed'>
<tr><td colspan='4' align='center'><b>PASSED TESTS</b></td></tr>
<tr><td><b>Test method</b></td>
<td><b>Attribute(s)</b></td>
<td width="30%"><b>Exception</b></td>
<td width="10%"><b>Time (seconds)</b></td>
<td><b>Instance</b></td>
</tr>
<tr>
<td title='runner.TestRunner.runScenario()'><b>runScenario</b><br>Test class: runner.TestRunner<br>Test method: Runs Cucumber Scenarios<br>Parameters: "Trying the correct script", "The module Data Structure"</td>
<td></td>
<td>6</td>
<td>runner.TestRunner@32115b28</td></tr>
<tr>
<td title='runner.TestRunner.runScenario()'><b>runScenario</b><br>Test class: runner.TestRunner<br>Test method: Runs Cucumber Scenarios<br>Parameters: "Test the Queue Module with valid syntax in editor box", "User should be able to run Queue Module features"</td>
<td></td>
<td>4</td>
<td>runner.TestRunner@32115b28</td></tr>
<tr>
<td title='runner.TestRunner.runScenario()'><b>runScenario</b><br>Test class: runner.TestRunner<br>Test method: Runs Cucumber Scenarios<br>Parameters: "User is trying register with correct credentials", "Register new Account"</td>
<td></td>
<td>0</td>
<td>runner.TestRunner@32115b28</td></tr>
<tr>
<td title='runner.TestRunner.runScenario()'><b>runScenario</b><br>Test class: runner.TestRunner<br>Test method: Runs Cucumber Scenarios<br>Parameters: "Testing the tryEditor Box with valid syntax in Overview of Trees Option", "Run the tryEditor in Overview of Trees Tree Module"</td>
<td></td>
<td>5</td>
<td>runner.TestRunner@32115b28</td></tr>
<tr>
<td title='runner.TestRunner.runScenario()'><b>runScenario</b><br>Test class: runner.TestRunner<br>Test method: Runs Cucumber Scenarios<br>Parameters: "Test the Graph Module with valid syntax in editor box", "User should be able to run Graph Module features"</td>
<td></td>
<td>4</td>
<td>runner.TestRunner@32115b28</td></tr>
<tr>
<td title='runner.TestRunner.runScenario()'><b>runScenario</b><br>Test class: runner.TestRunner<br>Test method: Runs Cucumber Scenarios<br>Parameters: "Testing the tryEditor Box with valid syntax in Find Even Numbers Question", "The module Arrays"</td>
<td></td>
<td>8</td>
<td>runner.TestRunner@32115b28</td></tr>
<tr>
<td title='runner.TestRunner.runScenario()'><b>runScenario</b><br>Test class: runner.TestRunner<br>Test method: Runs Cucumber Scenarios<br>Parameters: "Valid code in linked list.", "LinkedList acessed by user"</td>
<td></td>
<td>2</td>
<td>runner.TestRunner@32115b28</td></tr>
<tr>
<td title='runner.TestRunner.runScenario()'><b>runScenario</b><br>Test class: runner.TestRunner<br>Test method: Runs Cucumber Scenarios<br>Parameters: "Validate the login page with valid credentials", "Register new Account"</td>
<td></td>
<td>3</td>
<td>runner.TestRunner@32115b28</td></tr>
<tr>
<td title='runner.TestRunner.runScenario()'><b>runScenario</b><br>Test class: runner.TestRunner<br>Test method: Runs Cucumber Scenarios<br>Parameters: "Trying the incorrect script", "The module Arrays"</td>
<td></td>
<td>2</td>
<td>runner.TestRunner@32115b28</td></tr>
<tr>
<td title='runner.TestRunner.runScenario()'><b>runScenario</b><br>Test class: runner.TestRunner<br>Test method: Runs Cucumber Scenarios<br>Parameters: "User enters invalid data", "User is learning Stack Data Structure"</td>
<td></td>
<td>2</td>
<td>runner.TestRunner@32115b28</td></tr>
<tr>
<td title='runner.TestRunner.runScenario()'><b>runScenario</b><br>Test class: runner.TestRunner<br>Test method: Runs Cucumber Scenarios<br>Parameters: "User is learning LinkedList by navigating through all below links", "LinkedList acessed by user"</td>
<td></td>
<td>1</td>
<td>runner.TestRunner@32115b28</td></tr>
<tr>
<td title='runner.TestRunner.runScenario()'><b>runScenario</b><br>Test class: runner.TestRunner<br>Test method: Runs Cucumber Scenarios<br>Parameters: "Creating new user account", "Register new Account"</td>
<td></td>
<td>3</td>
<td>runner.TestRunner@32115b28</td></tr>
<tr>
<td title='runner.TestRunner.runScenario()'><b>runScenario</b><br>Test class: runner.TestRunner<br>Test method: Runs Cucumber Scenarios<br>Parameters: "Selecting the Graph Module from the dropdown list", "User should be able to run Graph Module features"</td>
<td></td>
<td>0</td>
<td>runner.TestRunner@32115b28</td></tr>
<tr>
<td title='runner.TestRunner.runScenario()'><b>runScenario</b><br>Test class: runner.TestRunner<br>Test method: Runs Cucumber Scenarios<br>Parameters: "Selecting the Queue Module from the dropdown list", "User should be able to run Queue Module features"</td>
<td></td>
<td>0</td>
<td>runner.TestRunner@32115b28</td></tr>
<tr>
<td title='runner.TestRunner.runScenario()'><b>runScenario</b><br>Test class: runner.TestRunner<br>Test method: Runs Cucumber Scenarios<br>Parameters: "Trying the correct script", "The module Arrays"</td>
<td></td>
<td>4</td>
<td>runner.TestRunner@32115b28</td></tr>
<tr>
<td title='runner.TestRunner.runScenario()'><b>runScenario</b><br>Test class: runner.TestRunner<br>Test method: Runs Cucumber Scenarios<br>Parameters: "User wants to learn and explore Stack", "User is learning Stack Data Structure"</td>
<td></td>
<td>0</td>
<td>runner.TestRunner@32115b28</td></tr>
<tr>
<td title='runner.TestRunner.runScenario()'><b>runScenario</b><br>Test class: runner.TestRunner<br>Test method: Runs Cucumber Scenarios<br>Parameters: "Trying the incorrect script", "The module Data Structure"</td>
<td></td>
<td>3</td>
<td>runner.TestRunner@32115b28</td></tr>
<tr>
<td title='runner.TestRunner.runScenario()'><b>runScenario</b><br>Test class: runner.TestRunner<br>Test method: Runs Cucumber Scenarios<br>Parameters: "User enters valid data", "User is learning Stack Data Structure"</td>
<td></td>
<td>3</td>
<td>runner.TestRunner@32115b28</td></tr>
<tr>
<td title='runner.TestRunner.runScenario()'><b>runScenario</b><br>Test class: runner.TestRunner<br>Test method: Runs Cucumber Scenarios<br>Parameters: "Testing the tryEditor Box with valid syntax in Squares of a Sorted Array Question", "The module Arrays"</td>
<td></td>
<td>2</td>
<td>runner.TestRunner@32115b28</td></tr>
<tr>
<td title='runner.TestRunner.runScenario()'><b>runScenario</b><br>Test class: runner.TestRunner<br>Test method: Runs Cucumber Scenarios<br>Parameters: "Invalid code in linked list.", "LinkedList acessed by user"</td>
<td></td>
<td>2</td>
<td>runner.TestRunner@32115b28</td></tr>
<tr>
<td title='runner.TestRunner.runScenario()'><b>runScenario</b><br>Test class: runner.TestRunner<br>Test method: Runs Cucumber Scenarios<br>Parameters: "Validating Login process for User with incorrect credentials", "Register new Account"</td>
<td></td>
<td>1</td>
<td>runner.TestRunner@32115b28</td></tr>
<tr>
<td title='runner.TestRunner.runScenario()'><b>runScenario</b><br>Test class: runner.TestRunner<br>Test method: Runs Cucumber Scenarios<br>Parameters: "Choosing of Tree Module from the List page", "Run the tryEditor in Overview of Trees Tree Module"</td>
<td></td>
<td>1</td>
<td>runner.TestRunner@32115b28</td></tr>
</table><p>
</body>
</html>