<?xml version="1.0" encoding="UTF-8"?>
<testng-results ignored="0" total="13" passed="12" failed="1" skipped="0">
  <reporter-output>
  </reporter-output>
  <suite started-at="2023-05-16T16:45:36 EDT" name="Default suite" finished-at="2023-05-16T16:46:24 EDT" duration-ms="47988">
    <groups>
      <group name="cucumber">
        <method signature="AbstractTestNGCucumberTests.runScenario(io.cucumber.testng.PickleWrapper,io.cucumber.testng.FeatureWrapper)[pri:0, instance:runner.testrunner@4d15107f]" name="runScenario" class="io.cucumber.testng.AbstractTestNGCucumberTests"/>
      </group> <!-- cucumber -->
    </groups>
    <test started-at="2023-05-16T16:45:36 EDT" name="Default test" finished-at="2023-05-16T16:46:24 EDT" duration-ms="47988">
      <class name="runner.testrunner">
        <test-method is-config="true" signature="setUpClass(org.testng.ITestContext)[pri:0, instance:runner.testrunner@4d15107f]" started-at="2023-05-16T16:45:36 EDT" name="setUpClass" finished-at="2023-05-16T16:45:37 EDT" duration-ms="1022" status="PASS">
          <params>
            <param index="0">
              <value>
                <![CDATA[org.testng.TestRunner@4d174189]]>
              </value>
            </param>
          </params>
          <reporter-output>
          </reporter-output>
        </test-method> <!-- setUpClass -->
        <test-method signature="runScenario(io.cucumber.testng.PickleWrapper,io.cucumber.testng.FeatureWrapper)[pri:0, instance:runner.testrunner@4d15107f]" started-at="2023-05-16T16:45:37 EDT" name="runScenario" description="Runs Cucumber Scenarios" data-provider="scenarios" finished-at="2023-05-16T16:45:46 EDT" duration-ms="8646" status="PASS">
          <params>
            <param index="0">
              <value>
                <![CDATA["Registring in dsportal app portal"]]>
              </value>
            </param>
            <param index="1">
              <value>
                <![CDATA["dsLgo project login"]]>
              </value>
            </param>
          </params>
          <reporter-output>
          </reporter-output>
        </test-method> <!-- runScenario -->
        <test-method signature="runScenario(io.cucumber.testng.PickleWrapper,io.cucumber.testng.FeatureWrapper)[pri:0, instance:runner.testrunner@4d15107f]" started-at="2023-05-16T16:45:46 EDT" name="runScenario" description="Runs Cucumber Scenarios" data-provider="scenarios" finished-at="2023-05-16T16:45:50 EDT" duration-ms="4131" status="PASS">
          <params>
            <param index="0">
              <value>
                <![CDATA["Validating Login process for User with incorrect credentials"]]>
              </value>
            </param>
            <param index="1">
              <value>
                <![CDATA["dsLgo project login"]]>
              </value>
            </param>
          </params>
          <reporter-output>
          </reporter-output>
        </test-method> <!-- runScenario -->
        <test-method signature="runScenario(io.cucumber.testng.PickleWrapper,io.cucumber.testng.FeatureWrapper)[pri:0, instance:runner.testrunner@4d15107f]" started-at="2023-05-16T16:45:50 EDT" name="runScenario" description="Runs Cucumber Scenarios" data-provider="scenarios" finished-at="2023-05-16T16:45:52 EDT" duration-ms="1517" status="FAIL">
          <params>
            <param index="0">
              <value>
                <![CDATA["User is trying register with correct credentials"]]>
              </value>
            </param>
            <param index="1">
              <value>
                <![CDATA["dsLgo project login"]]>
              </value>
            </param>
          </params>
          <exception class="java.lang.AssertionError">
            <message>
              <![CDATA[expected [https://dsportalapp.herokuapp.com/login] but found [https://dsportalapp.herokuapp.com/home]]]>
            </message>
            <full-stacktrace>
              <![CDATA[java.lang.AssertionError: expected [https://dsportalapp.herokuapp.com/login] but found [https://dsportalapp.herokuapp.com/home]
at org.testng.Assert.fail(Assert.java:99)
at org.testng.Assert.failNotEquals(Assert.java:1037)
at org.testng.Assert.assertEqualsImpl(Assert.java:140)
at org.testng.Assert.assertEquals(Assert.java:122)
at org.testng.Assert.assertEquals(Assert.java:629)
at org.testng.Assert.assertEquals(Assert.java:639)
at stepDefination.loginSD.user_should_land_on_home_page(loginSD.java:109)
at ✽.User should land on home page(file:///C:/Users/shilp/eclipse-workspace/DslgoSnam/src/test/resources/dslgofeatures/A_LogoinDS.feature:25)
]]>
            </full-stacktrace>
          </exception> <!-- java.lang.AssertionError -->
          <reporter-output>
          </reporter-output>
        </test-method> <!-- runScenario -->
        <test-method signature="runScenario(io.cucumber.testng.PickleWrapper,io.cucumber.testng.FeatureWrapper)[pri:0, instance:runner.testrunner@4d15107f]" started-at="2023-05-16T16:45:52 EDT" name="runScenario" description="Runs Cucumber Scenarios" data-provider="scenarios" finished-at="2023-05-16T16:45:56 EDT" duration-ms="4635" status="PASS">
          <params>
            <param index="0">
              <value>
                <![CDATA["Trying the correct script"]]>
              </value>
            </param>
            <param index="1">
              <value>
                <![CDATA["The module Data Structure"]]>
              </value>
            </param>
          </params>
          <reporter-output>
          </reporter-output>
        </test-method> <!-- runScenario -->
        <test-method signature="runScenario(io.cucumber.testng.PickleWrapper,io.cucumber.testng.FeatureWrapper)[pri:0, instance:runner.testrunner@4d15107f]" started-at="2023-05-16T16:45:56 EDT" name="runScenario" description="Runs Cucumber Scenarios" data-provider="scenarios" finished-at="2023-05-16T16:45:58 EDT" duration-ms="1706" status="PASS">
          <params>
            <param index="0">
              <value>
                <![CDATA["Trying the incorrect script"]]>
              </value>
            </param>
            <param index="1">
              <value>
                <![CDATA["The module Data Structure"]]>
              </value>
            </param>
          </params>
          <reporter-output>
          </reporter-output>
        </test-method> <!-- runScenario -->
        <test-method signature="runScenario(io.cucumber.testng.PickleWrapper,io.cucumber.testng.FeatureWrapper)[pri:0, instance:runner.testrunner@4d15107f]" started-at="2023-05-16T16:45:58 EDT" name="runScenario" description="Runs Cucumber Scenarios" data-provider="scenarios" finished-at="2023-05-16T16:46:03 EDT" duration-ms="4995" status="PASS">
          <params>
            <param index="0">
              <value>
                <![CDATA["Trying the correct script"]]>
              </value>
            </param>
            <param index="1">
              <value>
                <![CDATA["The module Arrays"]]>
              </value>
            </param>
          </params>
          <reporter-output>
          </reporter-output>
        </test-method> <!-- runScenario -->
        <test-method signature="runScenario(io.cucumber.testng.PickleWrapper,io.cucumber.testng.FeatureWrapper)[pri:0, instance:runner.testrunner@4d15107f]" started-at="2023-05-16T16:46:03 EDT" name="runScenario" description="Runs Cucumber Scenarios" data-provider="scenarios" finished-at="2023-05-16T16:46:08 EDT" duration-ms="5294" status="PASS">
          <params>
            <param index="0">
              <value>
                <![CDATA["Trying the incorrect script"]]>
              </value>
            </param>
            <param index="1">
              <value>
                <![CDATA["The module Arrays"]]>
              </value>
            </param>
          </params>
          <reporter-output>
          </reporter-output>
        </test-method> <!-- runScenario -->
        <test-method signature="runScenario(io.cucumber.testng.PickleWrapper,io.cucumber.testng.FeatureWrapper)[pri:0, instance:runner.testrunner@4d15107f]" started-at="2023-05-16T16:46:08 EDT" name="runScenario" description="Runs Cucumber Scenarios" data-provider="scenarios" finished-at="2023-05-16T16:46:12 EDT" duration-ms="3361" status="PASS">
          <params>
            <param index="0">
              <value>
                <![CDATA["User is learning LinkedList by navigating through all below links"]]>
              </value>
            </param>
            <param index="1">
              <value>
                <![CDATA["LinkedList acessed by user"]]>
              </value>
            </param>
          </params>
          <reporter-output>
          </reporter-output>
        </test-method> <!-- runScenario -->
        <test-method signature="runScenario(io.cucumber.testng.PickleWrapper,io.cucumber.testng.FeatureWrapper)[pri:0, instance:runner.testrunner@4d15107f]" started-at="2023-05-16T16:46:12 EDT" name="runScenario" description="Runs Cucumber Scenarios" data-provider="scenarios" finished-at="2023-05-16T16:46:15 EDT" duration-ms="2770" status="PASS">
          <params>
            <param index="0">
              <value>
                <![CDATA["Invalid code in linked list."]]>
              </value>
            </param>
            <param index="1">
              <value>
                <![CDATA["LinkedList acessed by user"]]>
              </value>
            </param>
          </params>
          <reporter-output>
          </reporter-output>
        </test-method> <!-- runScenario -->
        <test-method signature="runScenario(io.cucumber.testng.PickleWrapper,io.cucumber.testng.FeatureWrapper)[pri:0, instance:runner.testrunner@4d15107f]" started-at="2023-05-16T16:46:15 EDT" name="runScenario" description="Runs Cucumber Scenarios" data-provider="scenarios" finished-at="2023-05-16T16:46:18 EDT" duration-ms="3224" status="PASS">
          <params>
            <param index="0">
              <value>
                <![CDATA["Valid code in linked list."]]>
              </value>
            </param>
            <param index="1">
              <value>
                <![CDATA["LinkedList acessed by user"]]>
              </value>
            </param>
          </params>
          <reporter-output>
          </reporter-output>
        </test-method> <!-- runScenario -->
        <test-method signature="runScenario(io.cucumber.testng.PickleWrapper,io.cucumber.testng.FeatureWrapper)[pri:0, instance:runner.testrunner@4d15107f]" started-at="2023-05-16T16:46:18 EDT" name="runScenario" description="Runs Cucumber Scenarios" data-provider="scenarios" finished-at="2023-05-16T16:46:19 EDT" duration-ms="1384" status="PASS">
          <params>
            <param index="0">
              <value>
                <![CDATA["User wants to learn and explore Stack"]]>
              </value>
            </param>
            <param index="1">
              <value>
                <![CDATA["User is learning Stack Data Structure"]]>
              </value>
            </param>
          </params>
          <reporter-output>
          </reporter-output>
        </test-method> <!-- runScenario -->
        <test-method signature="runScenario(io.cucumber.testng.PickleWrapper,io.cucumber.testng.FeatureWrapper)[pri:0, instance:runner.testrunner@4d15107f]" started-at="2023-05-16T16:46:19 EDT" name="runScenario" description="Runs Cucumber Scenarios" data-provider="scenarios" finished-at="2023-05-16T16:46:22 EDT" duration-ms="3071" status="PASS">
          <params>
            <param index="0">
              <value>
                <![CDATA[""]]>
              </value>
            </param>
            <param index="1">
              <value>
                <![CDATA["User is learning Stack Data Structure"]]>
              </value>
            </param>
          </params>
          <reporter-output>
          </reporter-output>
        </test-method> <!-- runScenario -->
        <test-method signature="runScenario(io.cucumber.testng.PickleWrapper,io.cucumber.testng.FeatureWrapper)[pri:0, instance:runner.testrunner@4d15107f]" started-at="2023-05-16T16:46:22 EDT" name="runScenario" description="Runs Cucumber Scenarios" data-provider="scenarios" finished-at="2023-05-16T16:46:24 EDT" duration-ms="1511" status="PASS">
          <params>
            <param index="0">
              <value>
                <![CDATA[""]]>
              </value>
            </param>
            <param index="1">
              <value>
                <![CDATA["User is learning Stack Data Structure"]]>
              </value>
            </param>
          </params>
          <reporter-output>
          </reporter-output>
        </test-method> <!-- runScenario -->
        <test-method is-config="true" signature="tearDownClass()[pri:0, instance:runner.testrunner@4d15107f]" started-at="2023-05-16T16:46:24 EDT" name="tearDownClass" finished-at="2023-05-16T16:46:24 EDT" duration-ms="165" status="PASS">
          <reporter-output>
          </reporter-output>
        </test-method> <!-- tearDownClass -->
      </class> <!-- runner.testrunner -->
    </test> <!-- Default test -->
  </suite> <!-- Default suite -->
</testng-results>
