<?xml version="1.0" encoding="UTF-8"?>
<testng-results ignored="0" total="27" passed="22" failed="5" skipped="0">
  <reporter-output>
  </reporter-output>
  <suite started-at="2023-05-19T16:26:39 EDT" name="Default suite" finished-at="2023-05-19T16:28:19 EDT" duration-ms="100486">
    <groups>
      <group name="cucumber">
        <method signature="AbstractTestNGCucumberTests.runScenario(io.cucumber.testng.PickleWrapper,io.cucumber.testng.FeatureWrapper)[pri:0, instance:runner.TestRunner@60db1c0e]" name="runScenario" class="io.cucumber.testng.AbstractTestNGCucumberTests"/>
      </group> <!-- cucumber -->
    </groups>
    <test started-at="2023-05-19T16:26:39 EDT" name="Default test" finished-at="2023-05-19T16:28:19 EDT" duration-ms="100486">
      <class name="runner.TestRunner">
        <test-method is-config="true" signature="setUpClass(org.testng.ITestContext)[pri:0, instance:runner.TestRunner@60db1c0e]" started-at="2023-05-19T16:26:39 EDT" name="setUpClass" finished-at="2023-05-19T16:26:42 EDT" duration-ms="3450" status="PASS">
          <params>
            <param index="0">
              <value>
                <![CDATA[org.testng.TestRunner@5a8d03ce]]>
              </value>
            </param>
          </params>
          <reporter-output>
          </reporter-output>
        </test-method> <!-- setUpClass -->
        <test-method signature="runScenario(io.cucumber.testng.PickleWrapper,io.cucumber.testng.FeatureWrapper)[pri:0, instance:runner.TestRunner@60db1c0e]" started-at="2023-05-19T16:26:42 EDT" name="runScenario" description="Runs Cucumber Scenarios" data-provider="scenarios" finished-at="2023-05-19T16:26:48 EDT" duration-ms="5925" status="FAIL">
          <params>
            <param index="0">
              <value>
                <![CDATA["Creating new user account"]]>
              </value>
            </param>
            <param index="1">
              <value>
                <![CDATA["Register new Account"]]>
              </value>
            </param>
          </params>
          <exception class="java.lang.AssertionError">
            <message>
              <![CDATA[expected [password_mismatch:The two password fields didn’t match.] but found [U are logged in]]]>
            </message>
            <full-stacktrace>
              <![CDATA[java.lang.AssertionError: expected [password_mismatch:The two password fields didn’t match.] but found [U are logged in]
at org.testng.Assert.fail(Assert.java:110)
at org.testng.Assert.failNotEquals(Assert.java:1577)
at org.testng.Assert.assertEqualsImpl(Assert.java:149)
at org.testng.Assert.assertEquals(Assert.java:131)
at org.testng.Assert.assertEquals(Assert.java:655)
at org.testng.Assert.assertEquals(Assert.java:665)
at Steps_DsAlgo.LoginSteps.user_prints_the_error_message(LoginSteps.java:55)
at ✽.user prints the error message(file:///C:/Users/shaun/eclipse-workspace/Ds_AlgoProject3/src/test/resources/FeaturesDsAlgo/ALogin.feature:7)
]]>
            </full-stacktrace>
          </exception> <!-- java.lang.AssertionError -->
          <reporter-output>
          </reporter-output>
        </test-method> <!-- runScenario -->
        <test-method signature="runScenario(io.cucumber.testng.PickleWrapper,io.cucumber.testng.FeatureWrapper)[pri:0, instance:runner.TestRunner@60db1c0e]" started-at="2023-05-19T16:26:48 EDT" name="runScenario" description="Runs Cucumber Scenarios" data-provider="scenarios" finished-at="2023-05-19T16:26:50 EDT" duration-ms="1429" status="PASS">
          <params>
            <param index="0">
              <value>
                <![CDATA["Validating Login process for User with incorrect credentials"]]>
              </value>
            </param>
            <param index="1">
              <value>
                <![CDATA["Register new Account"]]>
              </value>
            </param>
          </params>
          <reporter-output>
          </reporter-output>
        </test-method> <!-- runScenario -->
        <test-method signature="runScenario(io.cucumber.testng.PickleWrapper,io.cucumber.testng.FeatureWrapper)[pri:0, instance:runner.TestRunner@60db1c0e]" started-at="2023-05-19T16:26:50 EDT" name="runScenario" description="Runs Cucumber Scenarios" data-provider="scenarios" finished-at="2023-05-19T16:26:50 EDT" duration-ms="403" status="PASS">
          <params>
            <param index="0">
              <value>
                <![CDATA["User is trying register with correct credentials"]]>
              </value>
            </param>
            <param index="1">
              <value>
                <![CDATA["Register new Account"]]>
              </value>
            </param>
          </params>
          <reporter-output>
          </reporter-output>
        </test-method> <!-- runScenario -->
        <test-method signature="runScenario(io.cucumber.testng.PickleWrapper,io.cucumber.testng.FeatureWrapper)[pri:0, instance:runner.TestRunner@60db1c0e]" started-at="2023-05-19T16:26:50 EDT" name="runScenario" description="Runs Cucumber Scenarios" data-provider="scenarios" finished-at="2023-05-19T16:26:53 EDT" duration-ms="3001" status="PASS">
          <params>
            <param index="0">
              <value>
                <![CDATA["Creating new user account"]]>
              </value>
            </param>
            <param index="1">
              <value>
                <![CDATA["Register new Account"]]>
              </value>
            </param>
          </params>
          <reporter-output>
          </reporter-output>
        </test-method> <!-- runScenario -->
        <test-method signature="runScenario(io.cucumber.testng.PickleWrapper,io.cucumber.testng.FeatureWrapper)[pri:0, instance:runner.TestRunner@60db1c0e]" started-at="2023-05-19T16:26:53 EDT" name="runScenario" description="Runs Cucumber Scenarios" data-provider="scenarios" finished-at="2023-05-19T16:26:54 EDT" duration-ms="1047" status="FAIL">
          <params>
            <param index="0">
              <value>
                <![CDATA["Validate the login page with invalid credentials"]]>
              </value>
            </param>
            <param index="1">
              <value>
                <![CDATA["Register new Account"]]>
              </value>
            </param>
          </params>
          <exception class="java.lang.AssertionError">
            <message>
              <![CDATA[expected [U are logged in] but found [Invalid Username and Password]]]>
            </message>
            <full-stacktrace>
              <![CDATA[java.lang.AssertionError: expected [U are logged in] but found [Invalid Username and Password]
at org.testng.Assert.fail(Assert.java:110)
at org.testng.Assert.failNotEquals(Assert.java:1577)
at org.testng.Assert.assertEqualsImpl(Assert.java:149)
at org.testng.Assert.assertEquals(Assert.java:131)
at org.testng.Assert.assertEquals(Assert.java:655)
at org.testng.Assert.assertEquals(Assert.java:665)
at Steps_DsAlgo.LoginSteps.user_stays_on_the_login_page(LoginSteps.java:182)
at ✽.user stays on the login page(file:///C:/Users/shaun/eclipse-workspace/Ds_AlgoProject3/src/test/resources/FeaturesDsAlgo/ALogin.feature:47)
]]>
            </full-stacktrace>
          </exception> <!-- java.lang.AssertionError -->
          <reporter-output>
          </reporter-output>
        </test-method> <!-- runScenario -->
        <test-method signature="runScenario(io.cucumber.testng.PickleWrapper,io.cucumber.testng.FeatureWrapper)[pri:0, instance:runner.TestRunner@60db1c0e]" started-at="2023-05-19T16:26:54 EDT" name="runScenario" description="Runs Cucumber Scenarios" data-provider="scenarios" finished-at="2023-05-19T16:26:58 EDT" duration-ms="3681" status="PASS">
          <params>
            <param index="0">
              <value>
                <![CDATA["Validate the login page with valid credentials"]]>
              </value>
            </param>
            <param index="1">
              <value>
                <![CDATA["Register new Account"]]>
              </value>
            </param>
          </params>
          <reporter-output>
          </reporter-output>
        </test-method> <!-- runScenario -->
        <test-method signature="runScenario(io.cucumber.testng.PickleWrapper,io.cucumber.testng.FeatureWrapper)[pri:0, instance:runner.TestRunner@60db1c0e]" started-at="2023-05-19T16:26:58 EDT" name="runScenario" description="Runs Cucumber Scenarios" data-provider="scenarios" finished-at="2023-05-19T16:27:04 EDT" duration-ms="6440" status="PASS">
          <params>
            <param index="0">
              <value>
                <![CDATA["Trying the correct script"]]>
              </value>
            </param>
            <param index="1">
              <value>
                <![CDATA["The module Data Structure"]]>
              </value>
            </param>
          </params>
          <reporter-output>
          </reporter-output>
        </test-method> <!-- runScenario -->
        <test-method signature="runScenario(io.cucumber.testng.PickleWrapper,io.cucumber.testng.FeatureWrapper)[pri:0, instance:runner.TestRunner@60db1c0e]" started-at="2023-05-19T16:27:04 EDT" name="runScenario" description="Runs Cucumber Scenarios" data-provider="scenarios" finished-at="2023-05-19T16:27:08 EDT" duration-ms="3534" status="PASS">
          <params>
            <param index="0">
              <value>
                <![CDATA["Trying the incorrect script"]]>
              </value>
            </param>
            <param index="1">
              <value>
                <![CDATA["The module Data Structure"]]>
              </value>
            </param>
          </params>
          <reporter-output>
          </reporter-output>
        </test-method> <!-- runScenario -->
        <test-method signature="runScenario(io.cucumber.testng.PickleWrapper,io.cucumber.testng.FeatureWrapper)[pri:0, instance:runner.TestRunner@60db1c0e]" started-at="2023-05-19T16:27:08 EDT" name="runScenario" description="Runs Cucumber Scenarios" data-provider="scenarios" finished-at="2023-05-19T16:27:13 EDT" duration-ms="4742" status="PASS">
          <params>
            <param index="0">
              <value>
                <![CDATA["Trying the correct script"]]>
              </value>
            </param>
            <param index="1">
              <value>
                <![CDATA["The module Arrays"]]>
              </value>
            </param>
          </params>
          <reporter-output>
          </reporter-output>
        </test-method> <!-- runScenario -->
        <test-method signature="runScenario(io.cucumber.testng.PickleWrapper,io.cucumber.testng.FeatureWrapper)[pri:0, instance:runner.TestRunner@60db1c0e]" started-at="2023-05-19T16:27:13 EDT" name="runScenario" description="Runs Cucumber Scenarios" data-provider="scenarios" finished-at="2023-05-19T16:27:15 EDT" duration-ms="2457" status="PASS">
          <params>
            <param index="0">
              <value>
                <![CDATA["Trying the incorrect script"]]>
              </value>
            </param>
            <param index="1">
              <value>
                <![CDATA["The module Arrays"]]>
              </value>
            </param>
          </params>
          <reporter-output>
          </reporter-output>
        </test-method> <!-- runScenario -->
        <test-method signature="runScenario(io.cucumber.testng.PickleWrapper,io.cucumber.testng.FeatureWrapper)[pri:0, instance:runner.TestRunner@60db1c0e]" started-at="2023-05-19T16:27:15 EDT" name="runScenario" description="Runs Cucumber Scenarios" data-provider="scenarios" finished-at="2023-05-19T16:27:23 EDT" duration-ms="8343" status="PASS">
          <params>
            <param index="0">
              <value>
                <![CDATA["Testing the tryEditor Box with valid syntax in Find Even Numbers Question"]]>
              </value>
            </param>
            <param index="1">
              <value>
                <![CDATA["The module Arrays"]]>
              </value>
            </param>
          </params>
          <reporter-output>
          </reporter-output>
        </test-method> <!-- runScenario -->
        <test-method signature="runScenario(io.cucumber.testng.PickleWrapper,io.cucumber.testng.FeatureWrapper)[pri:0, instance:runner.TestRunner@60db1c0e]" started-at="2023-05-19T16:27:23 EDT" name="runScenario" description="Runs Cucumber Scenarios" data-provider="scenarios" finished-at="2023-05-19T16:27:26 EDT" duration-ms="2965" status="PASS">
          <params>
            <param index="0">
              <value>
                <![CDATA["Testing the tryEditor Box with valid syntax in Squares of a Sorted Array Question"]]>
              </value>
            </param>
            <param index="1">
              <value>
                <![CDATA["The module Arrays"]]>
              </value>
            </param>
          </params>
          <reporter-output>
          </reporter-output>
        </test-method> <!-- runScenario -->
        <test-method signature="runScenario(io.cucumber.testng.PickleWrapper,io.cucumber.testng.FeatureWrapper)[pri:0, instance:runner.TestRunner@60db1c0e]" started-at="2023-05-19T16:27:26 EDT" name="runScenario" description="Runs Cucumber Scenarios" data-provider="scenarios" finished-at="2023-05-19T16:27:28 EDT" duration-ms="1612" status="PASS">
          <params>
            <param index="0">
              <value>
                <![CDATA["User is learning LinkedList by navigating through all below links"]]>
              </value>
            </param>
            <param index="1">
              <value>
                <![CDATA["LinkedList acessed by user"]]>
              </value>
            </param>
          </params>
          <reporter-output>
          </reporter-output>
        </test-method> <!-- runScenario -->
        <test-method signature="runScenario(io.cucumber.testng.PickleWrapper,io.cucumber.testng.FeatureWrapper)[pri:0, instance:runner.TestRunner@60db1c0e]" started-at="2023-05-19T16:27:28 EDT" name="runScenario" description="Runs Cucumber Scenarios" data-provider="scenarios" finished-at="2023-05-19T16:27:30 EDT" duration-ms="2503" status="PASS">
          <params>
            <param index="0">
              <value>
                <![CDATA["Invalid code in linked list."]]>
              </value>
            </param>
            <param index="1">
              <value>
                <![CDATA["LinkedList acessed by user"]]>
              </value>
            </param>
          </params>
          <reporter-output>
          </reporter-output>
        </test-method> <!-- runScenario -->
        <test-method signature="runScenario(io.cucumber.testng.PickleWrapper,io.cucumber.testng.FeatureWrapper)[pri:0, instance:runner.TestRunner@60db1c0e]" started-at="2023-05-19T16:27:30 EDT" name="runScenario" description="Runs Cucumber Scenarios" data-provider="scenarios" finished-at="2023-05-19T16:27:33 EDT" duration-ms="2528" status="PASS">
          <params>
            <param index="0">
              <value>
                <![CDATA["Valid code in linked list."]]>
              </value>
            </param>
            <param index="1">
              <value>
                <![CDATA["LinkedList acessed by user"]]>
              </value>
            </param>
          </params>
          <reporter-output>
          </reporter-output>
        </test-method> <!-- runScenario -->
        <test-method signature="runScenario(io.cucumber.testng.PickleWrapper,io.cucumber.testng.FeatureWrapper)[pri:0, instance:runner.TestRunner@60db1c0e]" started-at="2023-05-19T16:27:33 EDT" name="runScenario" description="Runs Cucumber Scenarios" data-provider="scenarios" finished-at="2023-05-19T16:27:34 EDT" duration-ms="556" status="PASS">
          <params>
            <param index="0">
              <value>
                <![CDATA["User wants to learn and explore Stack"]]>
              </value>
            </param>
            <param index="1">
              <value>
                <![CDATA["User is learning Stack Data Structure"]]>
              </value>
            </param>
          </params>
          <reporter-output>
          </reporter-output>
        </test-method> <!-- runScenario -->
        <test-method signature="runScenario(io.cucumber.testng.PickleWrapper,io.cucumber.testng.FeatureWrapper)[pri:0, instance:runner.TestRunner@60db1c0e]" started-at="2023-05-19T16:27:34 EDT" name="runScenario" description="Runs Cucumber Scenarios" data-provider="scenarios" finished-at="2023-05-19T16:27:37 EDT" duration-ms="3467" status="PASS">
          <params>
            <param index="0">
              <value>
                <![CDATA["User enters valid data"]]>
              </value>
            </param>
            <param index="1">
              <value>
                <![CDATA["User is learning Stack Data Structure"]]>
              </value>
            </param>
          </params>
          <reporter-output>
          </reporter-output>
        </test-method> <!-- runScenario -->
        <test-method signature="runScenario(io.cucumber.testng.PickleWrapper,io.cucumber.testng.FeatureWrapper)[pri:0, instance:runner.TestRunner@60db1c0e]" started-at="2023-05-19T16:27:37 EDT" name="runScenario" description="Runs Cucumber Scenarios" data-provider="scenarios" finished-at="2023-05-19T16:27:40 EDT" duration-ms="2565" status="PASS">
          <params>
            <param index="0">
              <value>
                <![CDATA["User enters invalid data"]]>
              </value>
            </param>
            <param index="1">
              <value>
                <![CDATA["User is learning Stack Data Structure"]]>
              </value>
            </param>
          </params>
          <reporter-output>
          </reporter-output>
        </test-method> <!-- runScenario -->
        <test-method signature="runScenario(io.cucumber.testng.PickleWrapper,io.cucumber.testng.FeatureWrapper)[pri:0, instance:runner.TestRunner@60db1c0e]" started-at="2023-05-19T16:27:40 EDT" name="runScenario" description="Runs Cucumber Scenarios" data-provider="scenarios" finished-at="2023-05-19T16:27:42 EDT" duration-ms="1905" status="PASS">
          <params>
            <param index="0">
              <value>
                <![CDATA["Choosing of Tree Module from the List page"]]>
              </value>
            </param>
            <param index="1">
              <value>
                <![CDATA["Run the tryEditor in Overview of Trees Tree Module"]]>
              </value>
            </param>
          </params>
          <reporter-output>
          </reporter-output>
        </test-method> <!-- runScenario -->
        <test-method signature="runScenario(io.cucumber.testng.PickleWrapper,io.cucumber.testng.FeatureWrapper)[pri:0, instance:runner.TestRunner@60db1c0e]" started-at="2023-05-19T16:27:42 EDT" name="runScenario" description="Runs Cucumber Scenarios" data-provider="scenarios" finished-at="2023-05-19T16:27:46 EDT" duration-ms="4029" status="FAIL">
          <params>
            <param index="0">
              <value>
                <![CDATA["Testing the tryEditor Box with invalid syntax in Overview of Trees Option"]]>
              </value>
            </param>
            <param index="1">
              <value>
                <![CDATA["Run the tryEditor in Overview of Trees Tree Module"]]>
              </value>
            </param>
          </params>
          <exception class="java.lang.AssertionError">
            <message>
              <![CDATA[expected [] but found [Overview of Trees]]]>
            </message>
            <full-stacktrace>
              <![CDATA[java.lang.AssertionError: expected [] but found [Overview of Trees]
at org.testng.Assert.fail(Assert.java:110)
at org.testng.Assert.failNotEquals(Assert.java:1577)
at org.testng.Assert.assertEqualsImpl(Assert.java:149)
at org.testng.Assert.assertEquals(Assert.java:131)
at org.testng.Assert.assertEquals(Assert.java:655)
at org.testng.Assert.assertEquals(Assert.java:665)
at Steps_DsAlgo.TreeSteps.user_checks_for_the_error_message(TreeSteps.java:84)
at ✽.user checks for the error message(file:///C:/Users/shaun/eclipse-workspace/Ds_AlgoProject3/src/test/resources/FeaturesDsAlgo/FTree.feature:13)
]]>
            </full-stacktrace>
          </exception> <!-- java.lang.AssertionError -->
          <reporter-output>
          </reporter-output>
        </test-method> <!-- runScenario -->
        <test-method signature="runScenario(io.cucumber.testng.PickleWrapper,io.cucumber.testng.FeatureWrapper)[pri:0, instance:runner.TestRunner@60db1c0e]" started-at="2023-05-19T16:27:46 EDT" name="runScenario" description="Runs Cucumber Scenarios" data-provider="scenarios" finished-at="2023-05-19T16:27:51 EDT" duration-ms="5189" status="PASS">
          <params>
            <param index="0">
              <value>
                <![CDATA["Testing the tryEditor Box with valid syntax in Overview of Trees Option"]]>
              </value>
            </param>
            <param index="1">
              <value>
                <![CDATA["Run the tryEditor in Overview of Trees Tree Module"]]>
              </value>
            </param>
          </params>
          <reporter-output>
          </reporter-output>
        </test-method> <!-- runScenario -->
        <test-method signature="runScenario(io.cucumber.testng.PickleWrapper,io.cucumber.testng.FeatureWrapper)[pri:0, instance:runner.TestRunner@60db1c0e]" started-at="2023-05-19T16:27:51 EDT" name="runScenario" description="Runs Cucumber Scenarios" data-provider="scenarios" finished-at="2023-05-19T16:27:51 EDT" duration-ms="362" status="PASS">
          <params>
            <param index="0">
              <value>
                <![CDATA["Selecting the Graph Module from the dropdown list"]]>
              </value>
            </param>
            <param index="1">
              <value>
                <![CDATA["User should be able to run Graph Module features"]]>
              </value>
            </param>
          </params>
          <reporter-output>
          </reporter-output>
        </test-method> <!-- runScenario -->
        <test-method signature="runScenario(io.cucumber.testng.PickleWrapper,io.cucumber.testng.FeatureWrapper)[pri:0, instance:runner.TestRunner@60db1c0e]" started-at="2023-05-19T16:27:51 EDT" name="runScenario" description="Runs Cucumber Scenarios" data-provider="scenarios" finished-at="2023-05-19T16:27:56 EDT" duration-ms="4384" status="FAIL">
          <params>
            <param index="0">
              <value>
                <![CDATA["Test the Graph Module with invalid syntax in editor box"]]>
              </value>
            </param>
            <param index="1">
              <value>
                <![CDATA["User should be able to run Graph Module features"]]>
              </value>
            </param>
          </params>
          <exception class="java.lang.AssertionError">
            <message>
              <![CDATA[expected [Welcome to Graph] but found []]]>
            </message>
            <full-stacktrace>
              <![CDATA[java.lang.AssertionError: expected [Welcome to Graph] but found []
at org.testng.Assert.fail(Assert.java:110)
at org.testng.Assert.failNotEquals(Assert.java:1577)
at org.testng.Assert.assertEqualsImpl(Assert.java:149)
at org.testng.Assert.assertEquals(Assert.java:131)
at org.testng.Assert.assertEquals(Assert.java:655)
at org.testng.Assert.assertEquals(Assert.java:665)
at Steps_DsAlgo.GraphSteps.user_should_have_error_message(GraphSteps.java:133)
at ✽.user should have error message(file:///C:/Users/shaun/eclipse-workspace/Ds_AlgoProject3/src/test/resources/FeaturesDsAlgo/Graph.feature:25)
]]>
            </full-stacktrace>
          </exception> <!-- java.lang.AssertionError -->
          <reporter-output>
          </reporter-output>
        </test-method> <!-- runScenario -->
        <test-method signature="runScenario(io.cucumber.testng.PickleWrapper,io.cucumber.testng.FeatureWrapper)[pri:0, instance:runner.TestRunner@60db1c0e]" started-at="2023-05-19T16:27:56 EDT" name="runScenario" description="Runs Cucumber Scenarios" data-provider="scenarios" finished-at="2023-05-19T16:28:00 EDT" duration-ms="4170" status="PASS">
          <params>
            <param index="0">
              <value>
                <![CDATA["Test the Graph Module with valid syntax in editor box"]]>
              </value>
            </param>
            <param index="1">
              <value>
                <![CDATA["User should be able to run Graph Module features"]]>
              </value>
            </param>
          </params>
          <reporter-output>
          </reporter-output>
        </test-method> <!-- runScenario -->
        <test-method signature="runScenario(io.cucumber.testng.PickleWrapper,io.cucumber.testng.FeatureWrapper)[pri:0, instance:runner.TestRunner@60db1c0e]" started-at="2023-05-19T16:28:00 EDT" name="runScenario" description="Runs Cucumber Scenarios" data-provider="scenarios" finished-at="2023-05-19T16:28:00 EDT" duration-ms="354" status="PASS">
          <params>
            <param index="0">
              <value>
                <![CDATA["Selecting the Queue Module from the dropdown list"]]>
              </value>
            </param>
            <param index="1">
              <value>
                <![CDATA["User should be able to run Queue Module features"]]>
              </value>
            </param>
          </params>
          <reporter-output>
          </reporter-output>
        </test-method> <!-- runScenario -->
        <test-method signature="runScenario(io.cucumber.testng.PickleWrapper,io.cucumber.testng.FeatureWrapper)[pri:0, instance:runner.TestRunner@60db1c0e]" started-at="2023-05-19T16:28:00 EDT" name="runScenario" description="Runs Cucumber Scenarios" data-provider="scenarios" finished-at="2023-05-19T16:28:11 EDT" duration-ms="11324" status="FAIL">
          <params>
            <param index="0">
              <value>
                <![CDATA["Test the Queue Module with invalid syntax in editor box"]]>
              </value>
            </param>
            <param index="1">
              <value>
                <![CDATA["User should be able to run Queue Module features"]]>
              </value>
            </param>
          </params>
          <exception class="org.openqa.selenium.NoSuchElementException">
            <message>
              <![CDATA[no such element: Unable to locate element: {"method":"xpath","selector":"//a[text()='Try here>>>']"}
  (Session info: chrome=113.0.5672.127)
For documentation on this error, please visit: https://selenium.dev/exceptions/#no_such_element
Build info: version: '4.8.3', revision: 'e5e76298c3'
System info: os.name: 'Windows 11', os.arch: 'amd64', os.version: '10.0', java.version: '19.0.2'
Driver info: org.openqa.selenium.chrome.ChromeDriver
Command: [e3348bfbba72f3fcedee1a1b9fc0a50f, findElement {using=xpath, value=//a[text()='Try here>>>']}]
Capabilities {acceptInsecureCerts: false, browserName: chrome, browserVersion: 113.0.5672.127, chrome: {chromedriverVersion: 113.0.5672.63 (0e1a4471d5ae..., userDataDir: C:\Users\shaun\AppData\Loca...}, goog:chromeOptions: {debuggerAddress: localhost:62707}, networkConnectionEnabled: false, pageLoadStrategy: normal, platformName: WINDOWS, proxy: Proxy(), se:cdp: ws://localhost:62707/devtoo..., se:cdpVersion: 113.0.5672.127, setWindowRect: true, strictFileInteractability: false, timeouts: {implicit: 0, pageLoad: 300000, script: 30000}, unhandledPromptBehavior: dismiss and notify, webauthn:extension:credBlob: true, webauthn:extension:largeBlob: true, webauthn:extension:minPinLength: true, webauthn:extension:prf: true, webauthn:virtualAuthenticators: true}
Session ID: e3348bfbba72f3fcedee1a1b9fc0a50f]]>
            </message>
            <full-stacktrace>
              <![CDATA[org.openqa.selenium.NoSuchElementException: no such element: Unable to locate element: {"method":"xpath","selector":"//a[text()='Try here>>>']"}
  (Session info: chrome=113.0.5672.127)
For documentation on this error, please visit: https://selenium.dev/exceptions/#no_such_element
Build info: version: '4.8.3', revision: 'e5e76298c3'
System info: os.name: 'Windows 11', os.arch: 'amd64', os.version: '10.0', java.version: '19.0.2'
Driver info: org.openqa.selenium.chrome.ChromeDriver
Command: [e3348bfbba72f3fcedee1a1b9fc0a50f, findElement {using=xpath, value=//a[text()='Try here>>>']}]
Capabilities {acceptInsecureCerts: false, browserName: chrome, browserVersion: 113.0.5672.127, chrome: {chromedriverVersion: 113.0.5672.63 (0e1a4471d5ae..., userDataDir: C:\Users\shaun\AppData\Loca...}, goog:chromeOptions: {debuggerAddress: localhost:62707}, networkConnectionEnabled: false, pageLoadStrategy: normal, platformName: WINDOWS, proxy: Proxy(), se:cdp: ws://localhost:62707/devtoo..., se:cdpVersion: 113.0.5672.127, setWindowRect: true, strictFileInteractability: false, timeouts: {implicit: 0, pageLoad: 300000, script: 30000}, unhandledPromptBehavior: dismiss and notify, webauthn:extension:credBlob: true, webauthn:extension:largeBlob: true, webauthn:extension:minPinLength: true, webauthn:extension:prf: true, webauthn:virtualAuthenticators: true}
Session ID: e3348bfbba72f3fcedee1a1b9fc0a50f
at java.base/jdk.internal.reflect.DirectConstructorHandleAccessor.newInstance(DirectConstructorHandleAccessor.java:67)
at java.base/java.lang.reflect.Constructor.newInstanceWithCaller(Constructor.java:500)
at java.base/java.lang.reflect.Constructor.newInstance(Constructor.java:484)
at org.openqa.selenium.remote.codec.w3c.W3CHttpResponseCodec.createException(W3CHttpResponseCodec.java:200)
at org.openqa.selenium.remote.codec.w3c.W3CHttpResponseCodec.decode(W3CHttpResponseCodec.java:133)
at org.openqa.selenium.remote.codec.w3c.W3CHttpResponseCodec.decode(W3CHttpResponseCodec.java:53)
at org.openqa.selenium.remote.HttpCommandExecutor.execute(HttpCommandExecutor.java:193)
at org.openqa.selenium.remote.service.DriverCommandExecutor.invokeExecute(DriverCommandExecutor.java:183)
at org.openqa.selenium.remote.service.DriverCommandExecutor.execute(DriverCommandExecutor.java:158)
at org.openqa.selenium.remote.RemoteWebDriver.execute(RemoteWebDriver.java:543)
at org.openqa.selenium.remote.ElementLocation$ElementFinder$2.findElement(ElementLocation.java:162)
at org.openqa.selenium.remote.ElementLocation.findElement(ElementLocation.java:60)
at org.openqa.selenium.remote.RemoteWebDriver.findElement(RemoteWebDriver.java:352)
at org.openqa.selenium.remote.RemoteWebDriver.findElement(RemoteWebDriver.java:344)
at POM_DsAlgo.POMQueue.Try_Here(POMQueue.java:68)
at Steps_DsAlgo.QueueSteps.user_scroll_down_to_select_option_from_Queue_list(QueueSteps.java:94)
at ✽.user scroll down to select option from Queue list(file:///C:/Users/shaun/eclipse-workspace/Ds_AlgoProject3/src/test/resources/FeaturesDsAlgo/Queue.feature:15)
]]>
            </full-stacktrace>
          </exception> <!-- org.openqa.selenium.NoSuchElementException -->
          <reporter-output>
          </reporter-output>
        </test-method> <!-- runScenario -->
        <test-method signature="runScenario(io.cucumber.testng.PickleWrapper,io.cucumber.testng.FeatureWrapper)[pri:0, instance:runner.TestRunner@60db1c0e]" started-at="2023-05-19T16:28:11 EDT" name="runScenario" description="Runs Cucumber Scenarios" data-provider="scenarios" finished-at="2023-05-19T16:28:16 EDT" duration-ms="4157" status="PASS">
          <params>
            <param index="0">
              <value>
                <![CDATA["Test the Queue Module with valid syntax in editor box"]]>
              </value>
            </param>
            <param index="1">
              <value>
                <![CDATA["User should be able to run Queue Module features"]]>
              </value>
            </param>
          </params>
          <reporter-output>
          </reporter-output>
        </test-method> <!-- runScenario -->
        <test-method is-config="true" signature="tearDownClass()[pri:0, instance:runner.TestRunner@60db1c0e]" started-at="2023-05-19T16:28:16 EDT" name="tearDownClass" finished-at="2023-05-19T16:28:19 EDT" duration-ms="3705" status="PASS">
          <reporter-output>
          </reporter-output>
        </test-method> <!-- tearDownClass -->
      </class> <!-- runner.TestRunner -->
    </test> <!-- Default test -->
  </suite> <!-- Default suite -->
</testng-results>
