<?xml version="1.0" encoding="UTF-8"?>
<!-- Generated by org.testng.reporters.JUnitReportReporter -->
<testsuite hostname="DESKTOP-SI28N20" failures="1" tests="13" name="runner.testrunner" time="46.245" errors="0" timestamp="2023-05-16T16:46:25 EDT" skipped="0">
  <testcase classname="runner.testrunner" name="runScenario" time="4.635"/>
  <system-out/>
  <testcase classname="runner.testrunner" name="runScenario" time="3.224"/>
  <system-out/>
  <testcase classname="runner.testrunner" name="runScenario" time="4.131"/>
  <system-out/>
  <testcase classname="runner.testrunner" name="runScenario" time="5.294"/>
  <system-out/>
  <testcase classname="runner.testrunner" name="runScenario" time="1.517">
    <failure message="expected [https://dsportalapp.herokuapp.com/login] but found [https://dsportalapp.herokuapp.com/home]" type="java.lang.AssertionError">
      <![CDATA[java.lang.AssertionError: expected [https://dsportalapp.herokuapp.com/login] but found [https://dsportalapp.herokuapp.com/home]
at org.testng.Assert.fail(Assert.java:99)
at org.testng.Assert.failNotEquals(Assert.java:1037)
at org.testng.Assert.assertEqualsImpl(Assert.java:140)
at org.testng.Assert.assertEquals(Assert.java:122)
at org.testng.Assert.assertEquals(Assert.java:629)
at org.testng.Assert.assertEquals(Assert.java:639)
at stepDefination.loginSD.user_should_land_on_home_page(loginSD.java:109)
at ✽.User should land on home page(file:///C:/Users/shilp/eclipse-workspace/DslgoSnam/src/test/resources/dslgofeatures/A_LogoinDS.feature:25)
]]>
    </failure>
  </testcase> <!-- runScenario -->
  <system-out/>
  <testcase classname="runner.testrunner" name="runScenario" time="8.646"/>
  <system-out/>
  <testcase classname="runner.testrunner" name="runScenario" time="3.071"/>
  <system-out/>
  <testcase classname="runner.testrunner" name="runScenario" time="3.361"/>
  <system-out/>
  <testcase classname="runner.testrunner" name="runScenario" time="1.706"/>
  <system-out/>
  <testcase classname="runner.testrunner" name="runScenario" time="4.995"/>
  <system-out/>
  <testcase classname="runner.testrunner" name="runScenario" time="1.384"/>
  <system-out/>
  <testcase classname="runner.testrunner" name="runScenario" time="2.770"/>
  <system-out/>
  <testcase classname="runner.testrunner" name="runScenario" time="1.511"/>
  <system-out/>
</testsuite> <!-- runner.testrunner -->
